#
# There is insufficient memory for the Java Runtime Environment to continue.
# Native memory allocation (mmap) failed to map 536870912 bytes for G1 virtual space
# Possible reasons:
#   The system is out of physical RAM or swap space
#   The process is running with CompressedOops enabled, and the Java Heap may be blocking the growth of the native heap
# Possible solutions:
#   Reduce memory load on the system
#   Increase physical memory or swap space
#   Check if swap backing store is full
#   Decrease Java heap size (-Xmx/-Xms)
#   Decrease number of Java threads
#   Decrease Java thread stack sizes (-Xss)
#   Set larger code cache with -XX:ReservedCodeCacheSize=
#   JVM is running with Zero Based Compressed Oops mode in which the Java heap is
#     placed in the first 32GB address space. The Java Heap base address is the
#     maximum limit for the native heap growth. Please use -XX:HeapBaseMinAddress
#     to set the Java Heap base and to place the Java Heap above 32GB virtual address.
# This output file may be truncated or incomplete.
#
#  Out of Memory Error (os_windows.cpp:3469), pid=21236, tid=21216
#
# JRE version:  (17.0.1+12) (build )
# Java VM: OpenJDK 64-Bit Server VM (17.0.1+12, mixed mode, sharing, tiered, compressed oops, compressed class ptrs, g1 gc, windows-amd64)
# No core dump will be written. Minidumps are not enabled by default on client versions of Windows
#

---------------  S U M M A R Y ------------

Command Line: -Dfile.encoding=UTF-8 -XX:+ShowCodeDetailsInExceptionMessages edu.illinois.randooop.TmpMain

Host: Intel(R) Core(TM) i7-10700KF CPU @ 3.80GHz, 16 cores, 31G,  Windows 10 , 64 bit Build 19041 (10.0.19041.1645)
Time: Mon Apr 25 15:27:10 2022  Windows 10 , 64 bit Build 19041 (10.0.19041.1645) elapsed time: 0.013635 seconds (0d 0h 0m 0s)

---------------  T H R E A D  ---------------

Current thread (0x00000238e70535a0):  JavaThread "Unknown thread" [_thread_in_vm, id=21216, stack(0x0000003f01200000,0x0000003f01300000)]

Stack: [0x0000003f01200000,0x0000003f01300000]
Native frames: (J=compiled Java code, j=interpreted, Vv=VM code, C=native code)
V  [jvm.dll+0x6744da]
V  [jvm.dll+0x82e144]
V  [jvm.dll+0x82f8ee]
V  [jvm.dll+0x82ff53]
V  [jvm.dll+0x245175]
V  [jvm.dll+0x6714c9]
V  [jvm.dll+0x665f92]
V  [jvm.dll+0x303c3b]
V  [jvm.dll+0x30b176]
V  [jvm.dll+0x35af1e]
V  [jvm.dll+0x35b14f]
V  [jvm.dll+0x2dab78]
V  [jvm.dll+0x2dbae4]
V  [jvm.dll+0x7ffdf1]
V  [jvm.dll+0x368c91]
V  [jvm.dll+0x7df2cc]
V  [jvm.dll+0x3eb59f]
V  [jvm.dll+0x3ed121]
C  [jli.dll+0x5277]
C  [ucrtbase.dll+0x21bb2]
C  [KERNEL32.DLL+0x17034]
C  [ntdll.dll+0x52651]


---------------  P R O C E S S  ---------------

Threads class SMR info:
_java_thread_list=0x00007ff9a8ae4e58, length=0, elements={
}

Java Threads: ( => current thread )

Other Threads:
  0x00000238e70cad90 GCTaskThread "GC Thread#0" [stack: 0x0000003f01300000,0x0000003f01400000] [id=21212]
  0x00000238e70de320 ConcurrentGCThread "G1 Main Marker" [stack: 0x0000003f01400000,0x0000003f01500000] [id=21464]
  0x00000238e70dec40 ConcurrentGCThread "G1 Conc#0" [stack: 0x0000003f01500000,0x0000003f01600000] [id=21256]

[error occurred during error reporting (printing all threads), id 0xc0000005, EXCEPTION_ACCESS_VIOLATION (0xc0000005) at pc=0x00007ff9a82bb5f7]

VM state: not at safepoint (not fully initialized)

VM Mutex/Monitor currently owned by a thread:  ([mutex/lock_event])
[0x00000238e70502a0] Heap_lock - owner thread: 0x00000238e70535a0

Heap address: 0x0000000601000000, size: 8176 MB, Compressed Oops mode: Zero based, Oop shift amount: 3

CDS archive(s) mapped at: [0x0000000000000000-0x0000000000000000-0x0000000000000000), size 0, SharedBaseAddress: 0x0000000800000000, ArchiveRelocationMode: 0.
Narrow klass base: 0x0000000000000000, Narrow klass shift: 0, Narrow klass range: 0x0

GC Precious Log:
<Empty>

Heap:
 garbage-first heap   total 0K, used 0K [0x0000000601000000, 0x0000000800000000)
  region size 4096K, 0 young (0K), 0 survivors (0K)

[error occurred during error reporting (printing heap information), id 0xc0000005, EXCEPTION_ACCESS_VIOLATION (0xc0000005) at pc=0x00007ff9a869d729]

GC Heap History (0 events):
No events

Deoptimization events (0 events):
No events

Classes unloaded (0 events):
No events

Classes redefined (0 events):
No events

Internal exceptions (0 events):
No events

VM Operations (0 events):
No events

Events (1 events):
Event: 0.010 Loaded shared library E:\eclipse\plugins\org.eclipse.justj.openjdk.hotspot.jre.full.win32.x86_64_17.0.1.v20211116-1657\jre\bin\java.dll


Dynamic libraries:
0x00007ff7e6b50000 - 0x00007ff7e6b5e000 	E:\eclipse\plugins\org.eclipse.justj.openjdk.hotspot.jre.full.win32.x86_64_17.0.1.v20211116-1657\jre\bin\javaw.exe
0x00007ffa0b370000 - 0x00007ffa0b565000 	C:\WINDOWS\SYSTEM32\ntdll.dll
0x00007ffa0b100000 - 0x00007ffa0b1be000 	C:\WINDOWS\System32\KERNEL32.DLL
0x00007ffa08f50000 - 0x00007ffa09218000 	C:\WINDOWS\System32\KERNELBASE.dll
0x00007ffa08a90000 - 0x00007ffa08b90000 	C:\WINDOWS\System32\ucrtbase.dll
0x00007ff9defc0000 - 0x00007ff9defd8000 	E:\eclipse\plugins\org.eclipse.justj.openjdk.hotspot.jre.full.win32.x86_64_17.0.1.v20211116-1657\jre\bin\jli.dll
0x00007ff9defa0000 - 0x00007ff9defb9000 	E:\eclipse\plugins\org.eclipse.justj.openjdk.hotspot.jre.full.win32.x86_64_17.0.1.v20211116-1657\jre\bin\VCRUNTIME140.dll
0x00007ffa0a020000 - 0x00007ffa0a1c0000 	C:\WINDOWS\System32\USER32.dll
0x00007ffa08e10000 - 0x00007ffa08e32000 	C:\WINDOWS\System32\win32u.dll
0x00007ff9f6210000 - 0x00007ff9f64aa000 	C:\WINDOWS\WinSxS\amd64_microsoft.windows.common-controls_6595b64144ccf1df_6.0.19041.1110_none_60b5254171f9507e\COMCTL32.dll
0x00007ffa09ff0000 - 0x00007ffa0a01a000 	C:\WINDOWS\System32\GDI32.dll
0x00007ffa08e40000 - 0x00007ffa08f4b000 	C:\WINDOWS\System32\gdi32full.dll
0x00007ffa09330000 - 0x00007ffa093cd000 	C:\WINDOWS\System32\msvcp_win.dll
0x00007ffa0ae40000 - 0x00007ffa0aede000 	C:\WINDOWS\System32\msvcrt.dll
0x00007ffa0b250000 - 0x00007ffa0b280000 	C:\WINDOWS\System32\IMM32.DLL
0x00007ff9def90000 - 0x00007ff9def9c000 	E:\eclipse\plugins\org.eclipse.justj.openjdk.hotspot.jre.full.win32.x86_64_17.0.1.v20211116-1657\jre\bin\vcruntime140_1.dll
0x00007ff9d1650000 - 0x00007ff9d16e1000 	E:\eclipse\plugins\org.eclipse.justj.openjdk.hotspot.jre.full.win32.x86_64_17.0.1.v20211116-1657\jre\bin\msvcp140.dll
0x00007ff9a7fd0000 - 0x00007ff9a8c16000 	E:\eclipse\plugins\org.eclipse.justj.openjdk.hotspot.jre.full.win32.x86_64_17.0.1.v20211116-1657\jre\bin\server\jvm.dll
0x00007ffa0b280000 - 0x00007ffa0b32e000 	C:\WINDOWS\System32\ADVAPI32.dll
0x00007ffa0a1c0000 - 0x00007ffa0a25c000 	C:\WINDOWS\System32\sechost.dll
0x00007ffa09b60000 - 0x00007ffa09c85000 	C:\WINDOWS\System32\RPCRT4.dll
0x00007ffa0af50000 - 0x00007ffa0af58000 	C:\WINDOWS\System32\PSAPI.DLL
0x00007ffa01870000 - 0x00007ffa01897000 	C:\WINDOWS\SYSTEM32\WINMM.dll
0x00007ff9973c0000 - 0x00007ff9973c9000 	C:\WINDOWS\SYSTEM32\WSOCK32.dll
0x00007ffa02d60000 - 0x00007ffa02d6a000 	C:\WINDOWS\SYSTEM32\VERSION.dll
0x00007ffa0af60000 - 0x00007ffa0afcb000 	C:\WINDOWS\System32\WS2_32.dll
0x00007ffa06990000 - 0x00007ffa069a2000 	C:\WINDOWS\SYSTEM32\kernel.appcore.dll
0x00007ffa00da0000 - 0x00007ffa00daa000 	E:\eclipse\plugins\org.eclipse.justj.openjdk.hotspot.jre.full.win32.x86_64_17.0.1.v20211116-1657\jre\bin\jimage.dll
0x00007ff9f76f0000 - 0x00007ff9f78d4000 	C:\WINDOWS\SYSTEM32\DBGHELP.DLL
0x00007ff9e4470000 - 0x00007ff9e449c000 	C:\WINDOWS\SYSTEM32\dbgcore.DLL
0x00007ffa09270000 - 0x00007ffa092f2000 	C:\WINDOWS\System32\bcryptPrimitives.dll
0x00007ff9d6270000 - 0x00007ff9d6295000 	E:\eclipse\plugins\org.eclipse.justj.openjdk.hotspot.jre.full.win32.x86_64_17.0.1.v20211116-1657\jre\bin\java.dll

dbghelp: loaded successfully - version: 4.0.5 - missing functions: none
symbol engine: initialized successfully - sym options: 0x614 - pdb path: .;E:\eclipse\plugins\org.eclipse.justj.openjdk.hotspot.jre.full.win32.x86_64_17.0.1.v20211116-1657\jre\bin;C:\WINDOWS\SYSTEM32;C:\WINDOWS\WinSxS\amd64_microsoft.windows.common-controls_6595b64144ccf1df_6.0.19041.1110_none_60b5254171f9507e;E:\eclipse\plugins\org.eclipse.justj.openjdk.hotspot.jre.full.win32.x86_64_17.0.1.v20211116-1657\jre\bin\server

VM Arguments:
jvm_args: -Dfile.encoding=UTF-8 -XX:+ShowCodeDetailsInExceptionMessages 
java_command: edu.illinois.randooop.TmpMain
java_class_path (initial): E:\eclipseinstall\final_randoop\target\classes;E:\360Downloads\asm-9.2.jar;E:\360Downloads\commons-io-2.11.0.jar;E:\360Downloads\hamcrest-2.2.jar;E:\360Downloads\joda-time-2.10.13.jar;E:\360Downloads\junit-4.10.jar;E:\360Downloads\NEW\org.eclipse.jdt.core-3.29.0.jar;C:\Users\Bo\.m2\repository\com\github\javaparser\javaparser-core\3.23.1\javaparser-core-3.23.1.jar;E:\eclipseinstall\javassist\jboss-javassist-javassist-52629ee\target\classes;C:\Users\Bo\.m2\repository\org\eclipse\jdt\org.eclipse.jdt.core\3.13.0\org.eclipse.jdt.core-3.13.0.jar;C:\Users\Bo\.m2\repository\org\eclipse\platform\org.eclipse.core.resources\3.16.100\org.eclipse.core.resources-3.16.100.jar;C:\Users\Bo\.m2\repository\org\eclipse\platform\org.eclipse.core.expressions\3.8.100\org.eclipse.core.expressions-3.8.100.jar;C:\Users\Bo\.m2\repository\org\eclipse\platform\org.eclipse.core.runtime\3.24.100\org.eclipse.core.runtime-3.24.100.jar;C:\Users\Bo\.m2\repository\org\eclipse\platform\org.eclipse.osgi\3.17.200\org.eclipse.osgi-3.17.200.jar;C:\Users\Bo\.m2\repository\org\eclipse\platform\org.eclipse.equinox.common\3.16.0\org.eclipse.equinox.common-3.16.0.jar;C:\Users\Bo\.m2\repository\org\eclipse\platform\org.eclipse.core.jobs\3.12.100\org.eclipse.core.jobs-3.12.100.jar;C:\Users\Bo\.m2\repository\org\eclipse\platform\org.eclipse.equinox.registry\3.11.100\org.eclipse.equinox.registry-3.11.100.jar;C:\Users\Bo\.m2\repository\org\eclipse\platform\org.eclipse.equinox.preferences\3.9.100\org.eclipse.equinox.preferences-3.9.100.jar;C:\Users\Bo\.m2\repository\org\eclipse\platform\org.eclipse.core.contenttype\3.8.100\org.eclipse.core.contenttype-3.8.100.jar;C:\Users\Bo\.m2\repository\org\eclipse\platform\org.eclipse.equinox.app\1.6.100\org.eclipse.equinox.app-1.6.100.jar;C:\Users\Bo\.m2\repository\org\eclipse\platform\org.eclipse.core.filesystem\1.9.300\org.eclipse.core.filesystem-1.9.300.jar;C:\Users\Bo\.m2\repository\org\eclipse\platform\org.eclipse.text\3.12.0\org.eclipse.text-3.
Launcher Type: SUN_STANDARD

[Global flags]
     intx CICompilerCount                          = 12                                        {product} {ergonomic}
     uint ConcGCThreads                            = 3                                         {product} {ergonomic}
     uint G1ConcRefinementThreads                  = 13                                        {product} {ergonomic}
   size_t G1HeapRegionSize                         = 4194304                                   {product} {ergonomic}
    uintx GCDrainStackTargetSize                   = 64                                        {product} {ergonomic}
   size_t InitialHeapSize                          = 536870912                                 {product} {ergonomic}
   size_t MarkStackSize                            = 4194304                                   {product} {ergonomic}
   size_t MaxHeapSize                              = 8573157376                                {product} {ergonomic}
   size_t MinHeapDeltaBytes                        = 4194304                                   {product} {ergonomic}
   size_t MinHeapSize                              = 8388608                                   {product} {ergonomic}
    uintx NonNMethodCodeHeapSize                   = 7602480                                {pd product} {ergonomic}
    uintx NonProfiledCodeHeapSize                  = 122027880                              {pd product} {ergonomic}
    uintx ProfiledCodeHeapSize                     = 122027880                              {pd product} {ergonomic}
    uintx ReservedCodeCacheSize                    = 251658240                              {pd product} {ergonomic}
     bool SegmentedCodeCache                       = true                                      {product} {ergonomic}
     bool ShowCodeDetailsInExceptionMessages       = true                                   {manageable} {command line}
   size_t SoftMaxHeapSize                          = 8573157376                             {manageable} {ergonomic}
     bool UseCompressedClassPointers               = true                           {product lp64_product} {ergonomic}
     bool UseCompressedOops                        = true                           {product lp64_product} {ergonomic}
     bool UseG1GC                                  = true                                      {product} {ergonomic}
     bool UseLargePagesIndividualAllocation        = false                                  {pd product} {ergonomic}

Logging:
Log output configuration:
 #0: stdout all=warning uptime,level,tags
 #1: stderr all=off uptime,level,tags

Environment Variables:
JAVA_HOME=C:\Program Files\Java\jdk1.8.0_321
CLASSPATH=.;C:\Program Files\Java\jdk1.8.0_321\lib\dt.jar;C:\Program Files\Java\jdk1.8.0_321\lib\tools.jar;E:\randoop\randoop\randoop-all-4.3.0.jar;E:\randoop\joda-time-2.10.13.jar;
PATH=E:/eclipse//plugins/org.eclipse.justj.openjdk.hotspot.jre.full.win32.x86_64_17.0.1.v20211116-1657/jre/bin/server;E:/eclipse//plugins/org.eclipse.justj.openjdk.hotspot.jre.full.win32.x86_64_17.0.1.v20211116-1657/jre/bin;C:\Program Files\Java\jdk1.8.0_321\bin;C:\Program Files\Common Files\Oracle\Java\javapath;C:\Program Files (x86)\Common Files\Oracle\Java\javapath;C:\Program Files\NVIDIA GPU Computing Toolkit\CUDA\v11.0\bin;C:\Program Files\NVIDIA GPU Computing Toolkit\CUDA\v11.0\libnvvp;C:\Python39\Scripts\;C:\Python39\;C:\Program Files (x86)\Razer Chroma SDK\bin;C:\Program Files\Razer Chroma SDK\bin;C:\Windows\system32;C:\Windows;C:\Windows\System32\Wbem;C:\Windows\System32\WindowsPowerShell\v1.0\;C:\Program Files (x86)\NVIDIA Corporation\PhysX\Common;C:\Windows\system32\config\systemprofile\AppData\Local\Microsoft\WindowsApps;C:\WINDOWS\system32;C:\WINDOWS;C:\WINDOWS\System32\Wbem;C:\WINDOWS\System32\WindowsPowerShell\v1.0\;C:\WINDOWS\System32\OpenSSH\;C:\Program Files (x86)\Bitvise SSH Client;D:\Git\cmd;D:\Git\mingw64\bin;D:\Git\usr\bin;C:\Program Files\PuTTY\;C:\WINDOWS\system32;C:\WINDOWS;C:\WINDOWS\System32\Wbem;C:\WINDOWS\System32\WindowsPowerShell\v1.0\;C:\WINDOWS\System32\OpenSSH\;C:\ProgramData\chocolatey\bin;C:\Program Files\NVIDIA Corporation\Nsight Compute 2020.1.1\;C:\Program Files\NVIDIA Corporation\NVSMI;C:\Program Files\nodejs\;C:\Program Files\NVIDIA Corporation\NVIDIA NvDLISR;E:\bin;%MAVEN_HOME%\bin;E:\google download\apache-maven-3.8.4-bin\apache-maven-3.8.4\bin;C:\Program Files\dotnet\;C:\Users\Bo\AppData\Local\Microsoft\WindowsApps;C:\Users\Bo\AppData\Local\Programs\Microsoft VS Code\bin;C:\Users\Bo\AppData\Local\Programs\Microsoft VS Code Insiders\bin;D:\Markdown Monster;C:\Users\Bo\AppData\Local\Programs\Microsoft Code OSS\bin;C:\Users\Bo\AppData\Local\Microsoft\WindowsApps;C:\Users\Bo\AppData\Roaming\npm;C:\Users\Bo\AppData\Local\GitHubDesktop\bin;%MAVEN_HOME%\bin;;E:\eclipse;
USERNAME=Bo
OS=Windows_NT
PROCESSOR_IDENTIFIER=Intel64 Family 6 Model 165 Stepping 5, GenuineIntel



---------------  S Y S T E M  ---------------

OS:
 Windows 10 , 64 bit Build 19041 (10.0.19041.1645)
OS uptime: 0 days 5:45 hours
Hyper-V role detected

CPU: total 16 (initial active 16) (8 cores per cpu, 2 threads per core) family 6 model 165 stepping 5 microcode 0xca, cx8, cmov, fxsr, ht, mmx, 3dnowpref, sse, sse2, sse3, ssse3, sse4.1, sse4.2, popcnt, lzcnt, tsc, tscinvbit, avx, avx2, aes, erms, clmul, bmi1, bmi2, adx, fma, vzeroupper, clflush, clflushopt, hv

Memory: 4k page, system-wide physical 32688M (291M free)
TotalPageFile size 61325M (AvailPageFile size 369M)
current process WorkingSet (physical memory assigned to process): 10M, peak: 10M
current process commit charge ("private bytes"): 70M, peak: 582M

vm_info: OpenJDK 64-Bit Server VM (17.0.1+12) for windows-amd64 JRE (17.0.1+12), built on Oct 20 2021 07:42:55 by "" with MS VC++ 16.7 (VS2019)

END.
